2021-06-29 01:08:57.624  INFO 8664 --- [restartedMain] c.t.TripPlannerUserMicroservice          : No active profile set, falling back to default profiles: default
2021-06-29 01:08:59.690  INFO 8664 --- [restartedMain] .s.d.r.c.RepositoryConfigurationDelegate : Bootstrapping Spring Data repositories in DEFAULT mode.
2021-06-29 01:09:00.040  INFO 8664 --- [restartedMain] .s.d.r.c.RepositoryConfigurationDelegate : Finished Spring Data repository scanning in 306ms. Found 1 repository interfaces.
2021-06-29 01:09:00.546  INFO 8664 --- [restartedMain] o.s.cloud.context.scope.GenericScope     : BeanFactory id=5a7df882-da51-34df-87d0-032a65be0235
2021-06-29 01:09:00.836  INFO 8664 --- [restartedMain] trationDelegate$BeanPostProcessorChecker : Bean 'org.springframework.transaction.annotation.ProxyTransactionManagementConfiguration' of type [org.springframework.transaction.annotation.ProxyTransactionManagementConfiguration$$EnhancerBySpringCGLIB$$57e7484a] is not eligible for getting processed by all BeanPostProcessors (for example: not eligible for auto-proxying)
2021-06-29 01:09:01.127  INFO 8664 --- [restartedMain] trationDelegate$BeanPostProcessorChecker : Bean 'org.springframework.cloud.autoconfigure.ConfigurationPropertiesRebinderAutoConfiguration' of type [org.springframework.cloud.autoconfigure.ConfigurationPropertiesRebinderAutoConfiguration$$EnhancerBySpringCGLIB$$74014b47] is not eligible for getting processed by all BeanPostProcessors (for example: not eligible for auto-proxying)
2021-06-29 01:09:02.886  INFO 8664 --- [restartedMain] o.s.b.w.embedded.tomcat.TomcatWebServer  : Tomcat initialized with port(s): 4000 (http)
2021-06-29 01:09:02.928  INFO 8664 --- [restartedMain] o.apache.catalina.core.StandardService   : Starting service [Tomcat]
2021-06-29 01:09:02.928  INFO 8664 --- [restartedMain] org.apache.catalina.core.StandardEngine  : Starting Servlet engine: [Apache Tomcat/9.0.17]
2021-06-29 01:09:03.240  INFO 8664 --- [restartedMain] o.a.c.c.C.[Tomcat].[localhost].[/]       : Initializing Spring embedded WebApplicationContext
2021-06-29 01:09:03.240  INFO 8664 --- [restartedMain] o.s.web.context.ContextLoader            : Root WebApplicationContext: initialization completed in 5592 ms
2021-06-29 01:09:04.063  INFO 8664 --- [restartedMain] com.zaxxer.hikari.HikariDataSource       : HikariPool-1 - Starting...
2021-06-29 01:09:05.319  INFO 8664 --- [restartedMain] com.zaxxer.hikari.HikariDataSource       : HikariPool-1 - Start completed.
2021-06-29 01:09:05.501  INFO 8664 --- [restartedMain] o.hibernate.jpa.internal.util.LogHelper  : HHH000204: Processing PersistenceUnitInfo [
	name: default
	...]
2021-06-29 01:09:05.806  INFO 8664 --- [restartedMain] org.hibernate.Version                    : HHH000412: Hibernate Core {5.3.9.Final}
2021-06-29 01:09:05.816  INFO 8664 --- [restartedMain] org.hibernate.cfg.Environment            : HHH000206: hibernate.properties not found
2021-06-29 01:09:06.416  INFO 8664 --- [restartedMain] o.hibernate.annotations.common.Version   : HCANN000001: Hibernate Commons Annotations {5.0.4.Final}
2021-06-29 01:09:07.416  INFO 8664 --- [restartedMain] org.hibernate.dialect.Dialect            : HHH000400: Using dialect: org.hibernate.dialect.MySQL5Dialect
2021-06-29 01:09:08.606  INFO 8664 --- [restartedMain] j.LocalContainerEntityManagerFactoryBean : Initialized JPA EntityManagerFactory for persistence unit 'default'
2021-06-29 01:09:09.781  WARN 8664 --- [restartedMain] c.n.c.sources.URLConfigurationSource     : No URLs will be polled as dynamic configuration sources.
2021-06-29 01:09:09.781  INFO 8664 --- [restartedMain] c.n.c.sources.URLConfigurationSource     : To enable URLs as dynamic configuration sources, define System property archaius.configurationSource.additionalUrls or make config.properties available on classpath.
2021-06-29 01:09:09.787  WARN 8664 --- [restartedMain] c.n.c.sources.URLConfigurationSource     : No URLs will be polled as dynamic configuration sources.
2021-06-29 01:09:09.787  INFO 8664 --- [restartedMain] c.n.c.sources.URLConfigurationSource     : To enable URLs as dynamic configuration sources, define System property archaius.configurationSource.additionalUrls or make config.properties available on classpath.
2021-06-29 01:09:10.327  INFO 8664 --- [restartedMain] o.s.s.concurrent.ThreadPoolTaskExecutor  : Initializing ExecutorService 'applicationTaskExecutor'
2021-06-29 01:09:10.409  WARN 8664 --- [restartedMain] aWebConfiguration$JpaWebMvcConfiguration : spring.jpa.open-in-view is enabled by default. Therefore, database queries may be performed during view rendering. Explicitly configure spring.jpa.open-in-view to disable this warning
2021-06-29 01:09:10.928  WARN 8664 --- [restartedMain] o.s.b.d.a.OptionalLiveReloadServer       : Unable to start LiveReload server
2021-06-29 01:09:11.568  INFO 8664 --- [restartedMain] o.s.c.n.eureka.InstanceInfoFactory       : Setting initial instance status as: STARTING
2021-06-29 01:09:11.616  INFO 8664 --- [restartedMain] com.netflix.discovery.DiscoveryClient    : Initializing Eureka in region us-east-1
2021-06-29 01:09:11.776  INFO 8664 --- [restartedMain] c.n.d.provider.DiscoveryJerseyProvider   : Using JSON encoding codec LegacyJacksonJson
2021-06-29 01:09:11.776  INFO 8664 --- [restartedMain] c.n.d.provider.DiscoveryJerseyProvider   : Using JSON decoding codec LegacyJacksonJson
2021-06-29 01:09:12.005  INFO 8664 --- [restartedMain] c.n.d.provider.DiscoveryJerseyProvider   : Using XML encoding codec XStreamXml
2021-06-29 01:09:12.005  INFO 8664 --- [restartedMain] c.n.d.provider.DiscoveryJerseyProvider   : Using XML decoding codec XStreamXml
2021-06-29 01:09:12.353  INFO 8664 --- [restartedMain] c.n.d.s.r.aws.ConfigClusterResolver      : Resolving eureka endpoints via configuration
2021-06-29 01:09:12.387  INFO 8664 --- [restartedMain] com.netflix.discovery.DiscoveryClient    : Disable delta property : false
2021-06-29 01:09:12.387  INFO 8664 --- [restartedMain] com.netflix.discovery.DiscoveryClient    : Single vip registry refresh property : null
2021-06-29 01:09:12.388  INFO 8664 --- [restartedMain] com.netflix.discovery.DiscoveryClient    : Force full registry fetch : false
2021-06-29 01:09:12.388  INFO 8664 --- [restartedMain] com.netflix.discovery.DiscoveryClient    : Application is null : false
2021-06-29 01:09:12.388  INFO 8664 --- [restartedMain] com.netflix.discovery.DiscoveryClient    : Registered Applications size is zero : true
2021-06-29 01:09:12.388  INFO 8664 --- [restartedMain] com.netflix.discovery.DiscoveryClient    : Application version is -1: true
2021-06-29 01:09:12.388  INFO 8664 --- [restartedMain] com.netflix.discovery.DiscoveryClient    : Getting all instance registry info from the eureka server
2021-06-29 01:09:12.550  INFO 8664 --- [restartedMain] com.netflix.discovery.DiscoveryClient    : The response status is 200
2021-06-29 01:09:12.555  INFO 8664 --- [restartedMain] com.netflix.discovery.DiscoveryClient    : Starting heartbeat executor: renew interval is: 30
2021-06-29 01:09:12.561  INFO 8664 --- [restartedMain] c.n.discovery.InstanceInfoReplicator     : InstanceInfoReplicator onDemand update allowed rate per min is 4
2021-06-29 01:09:12.574  INFO 8664 --- [restartedMain] com.netflix.discovery.DiscoveryClient    : Discovery Client initialized at timestamp 1624909152573 with initial instances count: 0
2021-06-29 01:09:12.581  INFO 8664 --- [restartedMain] o.s.c.n.e.s.EurekaServiceRegistry        : Registering application USERMS with eureka with status UP
2021-06-29 01:09:12.581  INFO 8664 --- [restartedMain] com.netflix.discovery.DiscoveryClient    : Saw local status change event StatusChangeEvent [timestamp=1624909152581, current=UP, previous=STARTING]
2021-06-29 01:09:12.583  INFO 8664 --- [DiscoveryClient-InstanceInfoReplicator-0] com.netflix.discovery.DiscoveryClient    : DiscoveryClient_USERMS/DESKTOP-NMB81S3:UserMS:4000: registering service...
2021-06-29 01:09:12.710  INFO 8664 --- [DiscoveryClient-InstanceInfoReplicator-0] com.netflix.discovery.DiscoveryClient    : DiscoveryClient_USERMS/DESKTOP-NMB81S3:UserMS:4000 - registration status: 204
2021-06-29 01:09:12.743  INFO 8664 --- [restartedMain] o.s.b.w.embedded.tomcat.TomcatWebServer  : Tomcat started on port(s): 4000 (http) with context path ''
2021-06-29 01:09:12.744  INFO 8664 --- [restartedMain] .s.c.n.e.s.EurekaAutoServiceRegistration : Updating port to 4000
2021-06-29 01:09:12.746  INFO 8664 --- [restartedMain] c.t.TripPlannerUserMicroservice          : Started TripPlannerUserMicroservice in 18.344 seconds (JVM running for 21.232)
2021-06-29 01:09:42.565  INFO 8664 --- [DiscoveryClient-CacheRefreshExecutor-0] com.netflix.discovery.DiscoveryClient    : Disable delta property : false
2021-06-29 01:09:42.565  INFO 8664 --- [DiscoveryClient-CacheRefreshExecutor-0] com.netflix.discovery.DiscoveryClient    : Single vip registry refresh property : null
2021-06-29 01:09:42.566  INFO 8664 --- [DiscoveryClient-CacheRefreshExecutor-0] com.netflix.discovery.DiscoveryClient    : Force full registry fetch : false
2021-06-29 01:09:42.566  INFO 8664 --- [DiscoveryClient-CacheRefreshExecutor-0] com.netflix.discovery.DiscoveryClient    : Application is null : false
2021-06-29 01:09:42.566  INFO 8664 --- [DiscoveryClient-CacheRefreshExecutor-0] com.netflix.discovery.DiscoveryClient    : Registered Applications size is zero : true
2021-06-29 01:09:42.566  INFO 8664 --- [DiscoveryClient-CacheRefreshExecutor-0] com.netflix.discovery.DiscoveryClient    : Application version is -1: false
2021-06-29 01:09:42.566  INFO 8664 --- [DiscoveryClient-CacheRefreshExecutor-0] com.netflix.discovery.DiscoveryClient    : Getting all instance registry info from the eureka server
2021-06-29 01:09:42.628  INFO 8664 --- [DiscoveryClient-CacheRefreshExecutor-0] com.netflix.discovery.DiscoveryClient    : The response status is 200
2021-06-29 01:12:10.194  INFO 8664 --- [http-nio-4000-exec-1] o.a.c.c.C.[Tomcat].[localhost].[/]       : Initializing Spring DispatcherServlet 'dispatcherServlet'
2021-06-29 01:12:10.194  INFO 8664 --- [http-nio-4000-exec-1] o.s.web.servlet.DispatcherServlet        : Initializing Servlet 'dispatcherServlet'
2021-06-29 01:12:10.217  INFO 8664 --- [http-nio-4000-exec-1] o.s.web.servlet.DispatcherServlet        : Completed initialization in 23 ms
2021-06-29 01:12:10.396  INFO 8664 --- [http-nio-4000-exec-2] o.h.h.i.QueryTranslatorFactoryInitiator  : HHH000397: Using ASTQueryTranslatorFactory
2021-06-29 01:14:12.396  INFO 8664 --- [AsyncResolver-bootstrap-executor-0] c.n.d.s.r.aws.ConfigClusterResolver      : Resolving eureka endpoints via configuration
2021-06-29 01:19:12.406  INFO 8664 --- [AsyncResolver-bootstrap-executor-0] c.n.d.s.r.aws.ConfigClusterResolver      : Resolving eureka endpoints via configuration
2021-06-29 01:24:12.413  INFO 8664 --- [AsyncResolver-bootstrap-executor-0] c.n.d.s.r.aws.ConfigClusterResolver      : Resolving eureka endpoints via configuration
2021-06-29 01:29:12.421  INFO 8664 --- [AsyncResolver-bootstrap-executor-0] c.n.d.s.r.aws.ConfigClusterResolver      : Resolving eureka endpoints via configuration
2021-06-29 01:34:12.438  INFO 8664 --- [AsyncResolver-bootstrap-executor-0] c.n.d.s.r.aws.ConfigClusterResolver      : Resolving eureka endpoints via configuration
2021-06-29 01:38:25.134  INFO 8664 --- [Thread-1] o.s.c.n.e.s.EurekaServiceRegistry        : Unregistering application USERMS with eureka with status DOWN
2021-06-29 01:38:25.134  WARN 8664 --- [Thread-1] com.netflix.discovery.DiscoveryClient    : Saw local status change event StatusChangeEvent [timestamp=1624910905134, current=DOWN, previous=UP]
2021-06-29 01:38:25.134  INFO 8664 --- [DiscoveryClient-InstanceInfoReplicator-0] com.netflix.discovery.DiscoveryClient    : DiscoveryClient_USERMS/DESKTOP-NMB81S3:UserMS:4000: registering service...
2021-06-29 01:38:25.139  INFO 8664 --- [DiscoveryClient-InstanceInfoReplicator-0] com.netflix.discovery.DiscoveryClient    : DiscoveryClient_USERMS/DESKTOP-NMB81S3:UserMS:4000 - registration status: 204
2021-06-29 01:38:25.140  INFO 8664 --- [Thread-1] o.s.s.concurrent.ThreadPoolTaskExecutor  : Shutting down ExecutorService 'applicationTaskExecutor'
2021-06-29 01:38:25.143  INFO 8664 --- [Thread-1] j.LocalContainerEntityManagerFactoryBean : Closing JPA EntityManagerFactory for persistence unit 'default'
2021-06-29 01:38:25.147  INFO 8664 --- [Thread-1] com.netflix.discovery.DiscoveryClient    : Shutting down DiscoveryClient ...
2021-06-29 01:38:28.151  INFO 8664 --- [Thread-1] com.netflix.discovery.DiscoveryClient    : Unregistering ...
2021-06-29 01:38:28.157  INFO 8664 --- [Thread-1] com.netflix.discovery.DiscoveryClient    : DiscoveryClient_USERMS/DESKTOP-NMB81S3:UserMS:4000 - deregister  status: 200
2021-06-29 01:38:28.380  INFO 8664 --- [Thread-1] com.netflix.discovery.DiscoveryClient    : Completed shut down of DiscoveryClient
2021-06-29 01:38:28.380  INFO 8664 --- [Thread-1] com.zaxxer.hikari.HikariDataSource       : HikariPool-1 - Shutdown initiated...
2021-06-29 01:38:28.388  INFO 8664 --- [Thread-1] com.zaxxer.hikari.HikariDataSource       : HikariPool-1 - Shutdown completed.
2021-06-29 01:38:28.783  INFO 8664 --- [restartedMain] c.t.TripPlannerUserMicroservice          : No active profile set, falling back to default profiles: default
2021-06-29 01:38:29.045  INFO 8664 --- [restartedMain] .s.d.r.c.RepositoryConfigurationDelegate : Bootstrapping Spring Data repositories in DEFAULT mode.
2021-06-29 01:38:29.052  INFO 8664 --- [restartedMain] .s.d.r.c.RepositoryConfigurationDelegate : Finished Spring Data repository scanning in 6ms. Found 1 repository interfaces.
2021-06-29 01:38:29.104  INFO 8664 --- [restartedMain] o.s.cloud.context.scope.GenericScope     : BeanFactory id=5a7df882-da51-34df-87d0-032a65be0235
2021-06-29 01:38:29.124  INFO 8664 --- [restartedMain] trationDelegate$BeanPostProcessorChecker : Bean 'org.springframework.transaction.annotation.ProxyTransactionManagementConfiguration' of type [org.springframework.transaction.annotation.ProxyTransactionManagementConfiguration$$EnhancerBySpringCGLIB$$57e7484a] is not eligible for getting processed by all BeanPostProcessors (for example: not eligible for auto-proxying)
2021-06-29 01:38:29.131  INFO 8664 --- [restartedMain] trationDelegate$BeanPostProcessorChecker : Bean 'org.springframework.cloud.autoconfigure.ConfigurationPropertiesRebinderAutoConfiguration' of type [org.springframework.cloud.autoconfigure.ConfigurationPropertiesRebinderAutoConfiguration$$EnhancerBySpringCGLIB$$74014b47] is not eligible for getting processed by all BeanPostProcessors (for example: not eligible for auto-proxying)
2021-06-29 01:38:29.254  INFO 8664 --- [restartedMain] o.s.b.w.embedded.tomcat.TomcatWebServer  : Tomcat initialized with port(s): 4000 (http)
2021-06-29 01:38:29.255  INFO 8664 --- [restartedMain] o.apache.catalina.core.StandardService   : Starting service [Tomcat]
2021-06-29 01:38:29.255  INFO 8664 --- [restartedMain] org.apache.catalina.core.StandardEngine  : Starting Servlet engine: [Apache Tomcat/9.0.17]
2021-06-29 01:38:29.302  INFO 8664 --- [restartedMain] o.a.c.c.C.[Tomcat].[localhost].[/]       : Initializing Spring embedded WebApplicationContext
2021-06-29 01:38:29.302  INFO 8664 --- [restartedMain] o.s.web.context.ContextLoader            : Root WebApplicationContext: initialization completed in 515 ms
2021-06-29 01:38:29.425  INFO 8664 --- [restartedMain] com.zaxxer.hikari.HikariDataSource       : HikariPool-2 - Starting...
2021-06-29 01:38:29.454  INFO 8664 --- [restartedMain] com.zaxxer.hikari.HikariDataSource       : HikariPool-2 - Start completed.
2021-06-29 01:38:29.465  INFO 8664 --- [restartedMain] o.hibernate.jpa.internal.util.LogHelper  : HHH000204: Processing PersistenceUnitInfo [
	name: default
	...]
2021-06-29 01:38:29.472  INFO 8664 --- [restartedMain] org.hibernate.dialect.Dialect            : HHH000400: Using dialect: org.hibernate.dialect.MySQL5Dialect
2021-06-29 01:38:29.497  INFO 8664 --- [restartedMain] j.LocalContainerEntityManagerFactoryBean : Initialized JPA EntityManagerFactory for persistence unit 'default'
2021-06-29 01:38:29.607  WARN 8664 --- [restartedMain] c.n.c.sources.URLConfigurationSource     : No URLs will be polled as dynamic configuration sources.
2021-06-29 01:38:29.607  INFO 8664 --- [restartedMain] c.n.c.sources.URLConfigurationSource     : To enable URLs as dynamic configuration sources, define System property archaius.configurationSource.additionalUrls or make config.properties available on classpath.
2021-06-29 01:38:29.837  INFO 8664 --- [restartedMain] o.s.s.concurrent.ThreadPoolTaskExecutor  : Initializing ExecutorService 'applicationTaskExecutor'
2021-06-29 01:38:29.864  WARN 8664 --- [restartedMain] aWebConfiguration$JpaWebMvcConfiguration : spring.jpa.open-in-view is enabled by default. Therefore, database queries may be performed during view rendering. Explicitly configure spring.jpa.open-in-view to disable this warning
2021-06-29 01:38:30.076  WARN 8664 --- [restartedMain] o.s.b.d.a.OptionalLiveReloadServer       : Unable to start LiveReload server
2021-06-29 01:38:30.463  INFO 8664 --- [restartedMain] o.s.c.n.eureka.InstanceInfoFactory       : Setting initial instance status as: STARTING
2021-06-29 01:38:30.481  INFO 8664 --- [restartedMain] com.netflix.discovery.DiscoveryClient    : Initializing Eureka in region us-east-1
2021-06-29 01:38:30.501  INFO 8664 --- [restartedMain] c.n.d.provider.DiscoveryJerseyProvider   : Using JSON encoding codec LegacyJacksonJson
2021-06-29 01:38:30.501  INFO 8664 --- [restartedMain] c.n.d.provider.DiscoveryJerseyProvider   : Using JSON decoding codec LegacyJacksonJson
2021-06-29 01:38:30.501  INFO 8664 --- [restartedMain] c.n.d.provider.DiscoveryJerseyProvider   : Using XML encoding codec XStreamXml
2021-06-29 01:38:30.501  INFO 8664 --- [restartedMain] c.n.d.provider.DiscoveryJerseyProvider   : Using XML decoding codec XStreamXml
2021-06-29 01:38:30.730  INFO 8664 --- [restartedMain] c.n.d.s.r.aws.ConfigClusterResolver      : Resolving eureka endpoints via configuration
2021-06-29 01:38:30.744  INFO 8664 --- [restartedMain] com.netflix.discovery.DiscoveryClient    : Disable delta property : false
2021-06-29 01:38:30.744  INFO 8664 --- [restartedMain] com.netflix.discovery.DiscoveryClient    : Single vip registry refresh property : null
2021-06-29 01:38:30.744  INFO 8664 --- [restartedMain] com.netflix.discovery.DiscoveryClient    : Force full registry fetch : false
2021-06-29 01:38:30.744  INFO 8664 --- [restartedMain] com.netflix.discovery.DiscoveryClient    : Application is null : false
2021-06-29 01:38:30.744  INFO 8664 --- [restartedMain] com.netflix.discovery.DiscoveryClient    : Registered Applications size is zero : true
2021-06-29 01:38:30.744  INFO 8664 --- [restartedMain] com.netflix.discovery.DiscoveryClient    : Application version is -1: true
2021-06-29 01:38:30.744  INFO 8664 --- [restartedMain] com.netflix.discovery.DiscoveryClient    : Getting all instance registry info from the eureka server
2021-06-29 01:38:30.748  INFO 8664 --- [restartedMain] com.netflix.discovery.DiscoveryClient    : The response status is 200
2021-06-29 01:38:30.753  INFO 8664 --- [restartedMain] com.netflix.discovery.DiscoveryClient    : Starting heartbeat executor: renew interval is: 30
2021-06-29 01:38:30.757  INFO 8664 --- [restartedMain] c.n.discovery.InstanceInfoReplicator     : InstanceInfoReplicator onDemand update allowed rate per min is 4
2021-06-29 01:38:30.766  INFO 8664 --- [restartedMain] com.netflix.discovery.DiscoveryClient    : Discovery Client initialized at timestamp 1624910910766 with initial instances count: 2
2021-06-29 01:38:30.771  INFO 8664 --- [restartedMain] o.s.c.n.e.s.EurekaServiceRegistry        : Registering application USERMS with eureka with status UP
2021-06-29 01:38:30.771  INFO 8664 --- [restartedMain] com.netflix.discovery.DiscoveryClient    : Saw local status change event StatusChangeEvent [timestamp=1624910910771, current=UP, previous=STARTING]
2021-06-29 01:38:30.771  INFO 8664 --- [DiscoveryClient-InstanceInfoReplicator-0] com.netflix.discovery.DiscoveryClient    : DiscoveryClient_USERMS/DESKTOP-NMB81S3:UserMS:4000: registering service...
2021-06-29 01:38:30.777  INFO 8664 --- [DiscoveryClient-InstanceInfoReplicator-0] com.netflix.discovery.DiscoveryClient    : DiscoveryClient_USERMS/DESKTOP-NMB81S3:UserMS:4000 - registration status: 204
2021-06-29 01:38:30.781  INFO 8664 --- [restartedMain] o.s.b.w.embedded.tomcat.TomcatWebServer  : Tomcat started on port(s): 4000 (http) with context path ''
2021-06-29 01:38:30.782  INFO 8664 --- [restartedMain] .s.c.n.e.s.EurekaAutoServiceRegistration : Updating port to 4000
2021-06-29 01:38:30.783  INFO 8664 --- [restartedMain] c.t.TripPlannerUserMicroservice          : Started TripPlannerUserMicroservice in 2.285 seconds (JVM running for 1779.268)
2021-06-29 01:38:30.788  INFO 8664 --- [restartedMain] .ConditionEvaluationDeltaLoggingListener : Condition evaluation unchanged
2021-06-29 01:38:33.121  INFO 8664 --- [http-nio-4000-exec-1] o.a.c.c.C.[Tomcat].[localhost].[/]       : Initializing Spring DispatcherServlet 'dispatcherServlet'
2021-06-29 01:38:33.121  INFO 8664 --- [http-nio-4000-exec-1] o.s.web.servlet.DispatcherServlet        : Initializing Servlet 'dispatcherServlet'
2021-06-29 01:38:33.128  INFO 8664 --- [http-nio-4000-exec-1] o.s.web.servlet.DispatcherServlet        : Completed initialization in 7 ms
2021-06-29 01:38:37.667  INFO 8664 --- [Thread-10] o.s.c.n.e.s.EurekaServiceRegistry        : Unregistering application USERMS with eureka with status DOWN
2021-06-29 01:38:37.668  WARN 8664 --- [Thread-10] com.netflix.discovery.DiscoveryClient    : Saw local status change event StatusChangeEvent [timestamp=1624910917668, current=DOWN, previous=UP]
2021-06-29 01:38:37.668  INFO 8664 --- [DiscoveryClient-InstanceInfoReplicator-0] com.netflix.discovery.DiscoveryClient    : DiscoveryClient_USERMS/DESKTOP-NMB81S3:UserMS:4000: registering service...
2021-06-29 01:38:37.671  INFO 8664 --- [Thread-10] o.s.s.concurrent.ThreadPoolTaskExecutor  : Shutting down ExecutorService 'applicationTaskExecutor'
2021-06-29 01:38:37.672  INFO 8664 --- [DiscoveryClient-InstanceInfoReplicator-0] com.netflix.discovery.DiscoveryClient    : DiscoveryClient_USERMS/DESKTOP-NMB81S3:UserMS:4000 - registration status: 204
2021-06-29 01:38:37.673  INFO 8664 --- [Thread-10] j.LocalContainerEntityManagerFactoryBean : Closing JPA EntityManagerFactory for persistence unit 'default'
2021-06-29 01:38:37.673  INFO 8664 --- [Thread-10] com.netflix.discovery.DiscoveryClient    : Shutting down DiscoveryClient ...
2021-06-29 01:38:40.678  INFO 8664 --- [Thread-10] com.netflix.discovery.DiscoveryClient    : Unregistering ...
2021-06-29 01:38:40.681  INFO 8664 --- [Thread-10] com.netflix.discovery.DiscoveryClient    : DiscoveryClient_USERMS/DESKTOP-NMB81S3:UserMS:4000 - deregister  status: 200
2021-06-29 01:38:40.901  INFO 8664 --- [Thread-10] com.netflix.discovery.DiscoveryClient    : Completed shut down of DiscoveryClient
2021-06-29 01:38:40.901  INFO 8664 --- [Thread-10] com.zaxxer.hikari.HikariDataSource       : HikariPool-2 - Shutdown initiated...
2021-06-29 01:38:40.912  INFO 8664 --- [Thread-10] com.zaxxer.hikari.HikariDataSource       : HikariPool-2 - Shutdown completed.
